Thu Apr 10 00:36:38 CST 2014
------------------------
GETVERIFICATIONIMAGE
OtherInfo is null
------------------------
Thu Apr 10 00:36:58 CST 2014
------------------------
GETVERIFICATIONIMAGE
OtherInfo is null
------------------------
Thu Apr 10 00:38:49 CST 2014
------------------------
LOGIN
object(OtherInfo) information:
class com.xiao.Feixin.FreeAPI.Model.LoginInfo
Object(OtherInfo) toString:
Username: 13710225401
Password: 83357492
Verification code: yqch
Cookie: key: ccpsession, value: 63eb55e5-8125-4e01-b054-a87c52d21810, expires: , path: , domain: , secure: false, httpOnly: false
------------------------
Thu Apr 10 03:27:31 CST 2014
------------------------
SENDFREEMSG
object(OtherInfo) information:
class com.xiao.Feixin.FreeAPI.Model.FreeMessage
Object(OtherInfo) toString:
com.xiao.Feixin.FreeAPI.Model.FreeMessage@59023ece
------------------------
Thu Apr 10 03:29:57 CST 2014
------------------------
SENDFREEMSG
object(OtherInfo) information:
class com.xiao.Feixin.FreeAPI.Model.FreeMessage
Object(OtherInfo) toString:
com.xiao.Feixin.FreeAPI.Model.FreeMessage@6fb84ea0
------------------------
