Thu Apr 10 00:36:40 CST 2014
------------------------
SUCCESS
object(OtherInfo) information:
class com.xiao.Feixin.FreeAPI.Operater.VerificationImage
Object(OtherInfo) toString:
Success
Cookie information:
key: ccpsession, value: 8741ac6f-cc9b-4592-ae3a-69cd302d74cf, expires: , path: /, domain: , secure: false, httpOnly: false
------------------------
Thu Apr 10 00:36:58 CST 2014
------------------------
SUCCESS
object(OtherInfo) information:
class com.xiao.Feixin.FreeAPI.Operater.VerificationImage
Object(OtherInfo) toString:
Success
Cookie information:
key: ccpsession, value: 63eb55e5-8125-4e01-b054-a87c52d21810, expires: , path: /, domain: , secure: false, httpOnly: false
------------------------
Thu Apr 10 00:38:50 CST 2014
------------------------
SUCCESS
OtherInfo is null
------------------------
Thu Apr 10 03:27:51 CST 2014
------------------------
TIMEOUT
OtherInfo is null
------------------------
Thu Apr 10 03:30:08 CST 2014
------------------------
SUCCESS
OtherInfo is null
------------------------
